<?xml version="1.0" encoding="UTF-8"?>
<!-- Generated by org.testng.reporters.JUnitXMLReporter -->
<testsuite hostname="wlpt761" ignored="37" name="testpixels" tests="37" failures="0" timestamp="01 Oct 2020 10:08:07 GMT" time="2.484" errors="0">
  <testcase name="@BeforeClass launchapp" time="1.648" classname="AndroidAppiumAuto.AppActivity">
    <failure type="org.openqa.selenium.SessionNotCreatedException" message="Unable to create a new remote session. Please check the server log for more details. Original error: An unknown server-side error occurred while processing the command. Original error: The protocol &amp;apos;bs:&amp;apos; used in &amp;apos;bs://bb554f07e315ef392055bb1f5e8fb4956fd3e017&amp;apos; is not supported. Only http: and https: protocols are supported
Build info: version: &amp;apos;3.141.59&amp;apos;, revision: &amp;apos;e82be7d358&amp;apos;, time: &amp;apos;2018-11-14T08:17:03&amp;apos;
System info: host: &amp;apos;WLPT761&amp;apos;, ip: &amp;apos;172.16.40.185&amp;apos;, os.name: &amp;apos;Windows 10&amp;apos;, os.arch: &amp;apos;amd64&amp;apos;, os.version: &amp;apos;10.0&amp;apos;, java.version: &amp;apos;1.8.0_261&amp;apos;
Driver info: driver.version: AndroidDriver
remote stacktrace: UnknownError: An unknown server-side error occurred while processing the command. Original error: The protocol &amp;apos;bs:&amp;apos; used in &amp;apos;bs://bb554f07e315ef392055bb1f5e8fb4956fd3e017&amp;apos; is not supported. Only http: and https: protocols are supported
    at getResponseForW3CError (C:\Users\rajesh.k\AppData\Local\Programs\Appium\resources\app\node_modules\appium\node_modules\appium-base-driver\lib\protocol\errors.js:826:9)
    at asyncHandler (C:\Users\rajesh.k\AppData\Local\Programs\Appium\resources\app\node_modules\appium\node_modules\appium-base-driver\lib\protocol\protocol.js:447:37)
    at process._tickCallback (internal/process/next_tick.js:68:7)
Build info: version: &amp;apos;3.141.59&amp;apos;, revision: &amp;apos;e82be7d358&amp;apos;, time: &amp;apos;2018-11-14T08:17:03&amp;apos;
System info: host: &amp;apos;WLPT761&amp;apos;, ip: &amp;apos;172.16.40.185&amp;apos;, os.name: &amp;apos;Windows 10&amp;apos;, os.arch: &amp;apos;amd64&amp;apos;, os.version: &amp;apos;10.0&amp;apos;, java.version: &amp;apos;1.8.0_261&amp;apos;
Driver info: driver.version: AndroidDriver">
      <![CDATA[org.openqa.selenium.SessionNotCreatedException: Unable to create a new remote session. Please check the server log for more details. Original error: An unknown server-side error occurred while processing the command. Original error: The protocol 'bs:' used in 'bs://bb554f07e315ef392055bb1f5e8fb4956fd3e017' is not supported. Only http: and https: protocols are supported
Build info: version: '3.141.59', revision: 'e82be7d358', time: '2018-11-14T08:17:03'
System info: host: 'WLPT761', ip: '172.16.40.185', os.name: 'Windows 10', os.arch: 'amd64', os.version: '10.0', java.version: '1.8.0_261'
Driver info: driver.version: AndroidDriver
remote stacktrace: UnknownError: An unknown server-side error occurred while processing the command. Original error: The protocol 'bs:' used in 'bs://bb554f07e315ef392055bb1f5e8fb4956fd3e017' is not supported. Only http: and https: protocols are supported
    at getResponseForW3CError (C:\Users\rajesh.k\AppData\Local\Programs\Appium\resources\app\node_modules\appium\node_modules\appium-base-driver\lib\protocol\errors.js:826:9)
    at asyncHandler (C:\Users\rajesh.k\AppData\Local\Programs\Appium\resources\app\node_modules\appium\node_modules\appium-base-driver\lib\protocol\protocol.js:447:37)
    at process._tickCallback (internal/process/next_tick.js:68:7)
Build info: version: '3.141.59', revision: 'e82be7d358', time: '2018-11-14T08:17:03'
System info: host: 'WLPT761', ip: '172.16.40.185', os.name: 'Windows 10', os.arch: 'amd64', os.version: '10.0', java.version: '1.8.0_261'
Driver info: driver.version: AndroidDriver
at io.appium.java_client.remote.AppiumCommandExecutor$1.createSession(AppiumCommandExecutor.java:208)
at io.appium.java_client.remote.AppiumCommandExecutor.createSession(AppiumCommandExecutor.java:217)
at io.appium.java_client.remote.AppiumCommandExecutor.execute(AppiumCommandExecutor.java:239)
at org.openqa.selenium.remote.RemoteWebDriver.execute(RemoteWebDriver.java:552)
at io.appium.java_client.DefaultGenericMobileDriver.execute(DefaultGenericMobileDriver.java:42)
at io.appium.java_client.AppiumDriver.execute(AppiumDriver.java:1)
at io.appium.java_client.android.AndroidDriver.execute(AndroidDriver.java:1)
at org.openqa.selenium.remote.RemoteWebDriver.startSession(RemoteWebDriver.java:213)
at org.openqa.selenium.remote.RemoteWebDriver.<init>(RemoteWebDriver.java:131)
at io.appium.java_client.DefaultGenericMobileDriver.<init>(DefaultGenericMobileDriver.java:38)
at io.appium.java_client.AppiumDriver.<init>(AppiumDriver.java:84)
at io.appium.java_client.AppiumDriver.<init>(AppiumDriver.java:94)
at io.appium.java_client.android.AndroidDriver.<init>(AndroidDriver.java:95)
at AndroidAppiumAuto.AppActivity.launchapp(AppActivity.java:812)
at java.util.concurrent.FutureTask.run(Unknown Source)
at java.util.concurrent.ThreadPoolExecutor.runWorker(Unknown Source)
at java.util.concurrent.ThreadPoolExecutor$Worker.run(Unknown Source)
at java.lang.Thread.run(Unknown Source)
at io.appium.java_client.remote.AppiumCommandExecutor$1.createSession(AppiumCommandExecutor.java:186)
... 34 more
Caused by: org.openqa.selenium.WebDriverException: An unknown server-side error occurred while processing the command. Original error: The protocol 'bs:' used in 'bs://bb554f07e315ef392055bb1f5e8fb4956fd3e017' is not supported. Only http: and https: protocols are supported
Build info: version: '3.141.59', revision: 'e82be7d358', time: '2018-11-14T08:17:03'
System info: host: 'WLPT761', ip: '172.16.40.185', os.name: 'Windows 10', os.arch: 'amd64', os.version: '10.0', java.version: '1.8.0_261'
Driver info: driver.version: AndroidDriver
remote stacktrace: UnknownError: An unknown server-side error occurred while processing the command. Original error: The protocol 'bs:' used in 'bs://bb554f07e315ef392055bb1f5e8fb4956fd3e017' is not supported. Only http: and https: protocols are supported
    at getResponseForW3CError (C:\Users\rajesh.k\AppData\Local\Programs\Appium\resources\app\node_modules\appium\node_modules\appium-base-driver\lib\protocol\errors.js:826:9)
    at asyncHandler (C:\Users\rajesh.k\AppData\Local\Programs\Appium\resources\app\node_modules\appium\node_modules\appium-base-driver\lib\protocol\protocol.js:447:37)
    at process._tickCallback (internal/process/next_tick.js:68:7)
at org.openqa.selenium.remote.W3CHandshakeResponse.lambda$errorHandler$0(W3CHandshakeResponse.java:62)
at org.openqa.selenium.remote.HandshakeResponse.lambda$getResponseFunction$0(HandshakeResponse.java:30)
at org.openqa.selenium.remote.ProtocolHandshake.lambda$createSession$0(ProtocolHandshake.java:126)
at java.util.stream.ReferencePipeline$3$1.accept(Unknown Source)
at java.util.Spliterators$ArraySpliterator.tryAdvance(Unknown Source)
at java.util.stream.ReferencePipeline.forEachWithCancel(Unknown Source)
at java.util.stream.AbstractPipeline.copyIntoWithCancel(Unknown Source)
at java.util.stream.AbstractPipeline.copyInto(Unknown Source)
at java.util.stream.AbstractPipeline.wrapAndCopyInto(Unknown Source)
at java.util.stream.FindOps$FindOp.evaluateSequential(Unknown Source)
at java.util.stream.AbstractPipeline.evaluate(Unknown Source)
at java.util.stream.ReferencePipeline.findFirst(Unknown Source)
at org.openqa.selenium.remote.ProtocolHandshake.createSession(ProtocolHandshake.java:128)
... 39 more
... Removed 26 stack frames]]>
    </failure>
  </testcase> <!-- @BeforeClass launchapp -->
  <testcase name="@AfterMethod getResult" time="0.0" classname="AndroidAppiumAuto.AppActivity">
    <skipped/>
  </testcase> <!-- @AfterMethod getResult -->
  <testcase name="@AfterMethod getResult" time="0.0" classname="AndroidAppiumAuto.AppActivity">
    <skipped/>
  </testcase> <!-- @AfterMethod getResult -->
  <testcase name="@BeforeClass launchapp" time="0.06" classname="AndroidAppiumAuto.AppActivity_Group2">
    <failure type="org.openqa.selenium.SessionNotCreatedException" message="Unable to create a new remote session. Please check the server log for more details. Original error: An unknown server-side error occurred while processing the command. Original error: The protocol &amp;apos;bs:&amp;apos; used in &amp;apos;bs://bb554f07e315ef392055bb1f5e8fb4956fd3e017&amp;apos; is not supported. Only http: and https: protocols are supported
Build info: version: &amp;apos;3.141.59&amp;apos;, revision: &amp;apos;e82be7d358&amp;apos;, time: &amp;apos;2018-11-14T08:17:03&amp;apos;
System info: host: &amp;apos;WLPT761&amp;apos;, ip: &amp;apos;172.16.40.185&amp;apos;, os.name: &amp;apos;Windows 10&amp;apos;, os.arch: &amp;apos;amd64&amp;apos;, os.version: &amp;apos;10.0&amp;apos;, java.version: &amp;apos;1.8.0_261&amp;apos;
Driver info: driver.version: AndroidDriver
remote stacktrace: UnknownError: An unknown server-side error occurred while processing the command. Original error: The protocol &amp;apos;bs:&amp;apos; used in &amp;apos;bs://bb554f07e315ef392055bb1f5e8fb4956fd3e017&amp;apos; is not supported. Only http: and https: protocols are supported
    at getResponseForW3CError (C:\Users\rajesh.k\AppData\Local\Programs\Appium\resources\app\node_modules\appium\node_modules\appium-base-driver\lib\protocol\errors.js:826:9)
    at asyncHandler (C:\Users\rajesh.k\AppData\Local\Programs\Appium\resources\app\node_modules\appium\node_modules\appium-base-driver\lib\protocol\protocol.js:447:37)
    at process._tickCallback (internal/process/next_tick.js:68:7)
Build info: version: &amp;apos;3.141.59&amp;apos;, revision: &amp;apos;e82be7d358&amp;apos;, time: &amp;apos;2018-11-14T08:17:03&amp;apos;
System info: host: &amp;apos;WLPT761&amp;apos;, ip: &amp;apos;172.16.40.185&amp;apos;, os.name: &amp;apos;Windows 10&amp;apos;, os.arch: &amp;apos;amd64&amp;apos;, os.version: &amp;apos;10.0&amp;apos;, java.version: &amp;apos;1.8.0_261&amp;apos;
Driver info: driver.version: AndroidDriver">
      <![CDATA[org.openqa.selenium.SessionNotCreatedException: Unable to create a new remote session. Please check the server log for more details. Original error: An unknown server-side error occurred while processing the command. Original error: The protocol 'bs:' used in 'bs://bb554f07e315ef392055bb1f5e8fb4956fd3e017' is not supported. Only http: and https: protocols are supported
Build info: version: '3.141.59', revision: 'e82be7d358', time: '2018-11-14T08:17:03'
System info: host: 'WLPT761', ip: '172.16.40.185', os.name: 'Windows 10', os.arch: 'amd64', os.version: '10.0', java.version: '1.8.0_261'
Driver info: driver.version: AndroidDriver
remote stacktrace: UnknownError: An unknown server-side error occurred while processing the command. Original error: The protocol 'bs:' used in 'bs://bb554f07e315ef392055bb1f5e8fb4956fd3e017' is not supported. Only http: and https: protocols are supported
    at getResponseForW3CError (C:\Users\rajesh.k\AppData\Local\Programs\Appium\resources\app\node_modules\appium\node_modules\appium-base-driver\lib\protocol\errors.js:826:9)
    at asyncHandler (C:\Users\rajesh.k\AppData\Local\Programs\Appium\resources\app\node_modules\appium\node_modules\appium-base-driver\lib\protocol\protocol.js:447:37)
    at process._tickCallback (internal/process/next_tick.js:68:7)
Build info: version: '3.141.59', revision: 'e82be7d358', time: '2018-11-14T08:17:03'
System info: host: 'WLPT761', ip: '172.16.40.185', os.name: 'Windows 10', os.arch: 'amd64', os.version: '10.0', java.version: '1.8.0_261'
Driver info: driver.version: AndroidDriver
at io.appium.java_client.remote.AppiumCommandExecutor$1.createSession(AppiumCommandExecutor.java:208)
at io.appium.java_client.remote.AppiumCommandExecutor.createSession(AppiumCommandExecutor.java:217)
at io.appium.java_client.remote.AppiumCommandExecutor.execute(AppiumCommandExecutor.java:239)
at org.openqa.selenium.remote.RemoteWebDriver.execute(RemoteWebDriver.java:552)
at io.appium.java_client.DefaultGenericMobileDriver.execute(DefaultGenericMobileDriver.java:42)
at io.appium.java_client.AppiumDriver.execute(AppiumDriver.java:1)
at io.appium.java_client.android.AndroidDriver.execute(AndroidDriver.java:1)
at org.openqa.selenium.remote.RemoteWebDriver.startSession(RemoteWebDriver.java:213)
at org.openqa.selenium.remote.RemoteWebDriver.<init>(RemoteWebDriver.java:131)
at io.appium.java_client.DefaultGenericMobileDriver.<init>(DefaultGenericMobileDriver.java:38)
at io.appium.java_client.AppiumDriver.<init>(AppiumDriver.java:84)
at io.appium.java_client.AppiumDriver.<init>(AppiumDriver.java:94)
at io.appium.java_client.android.AndroidDriver.<init>(AndroidDriver.java:95)
at AndroidAppiumAuto.AppActivity_Group2.launchapp(AppActivity_Group2.java:812)
at java.util.concurrent.FutureTask.run(Unknown Source)
at java.util.concurrent.ThreadPoolExecutor.runWorker(Unknown Source)
at java.util.concurrent.ThreadPoolExecutor$Worker.run(Unknown Source)
at java.lang.Thread.run(Unknown Source)
at io.appium.java_client.remote.AppiumCommandExecutor$1.createSession(AppiumCommandExecutor.java:186)
... 34 more
Caused by: org.openqa.selenium.WebDriverException: An unknown server-side error occurred while processing the command. Original error: The protocol 'bs:' used in 'bs://bb554f07e315ef392055bb1f5e8fb4956fd3e017' is not supported. Only http: and https: protocols are supported
Build info: version: '3.141.59', revision: 'e82be7d358', time: '2018-11-14T08:17:03'
System info: host: 'WLPT761', ip: '172.16.40.185', os.name: 'Windows 10', os.arch: 'amd64', os.version: '10.0', java.version: '1.8.0_261'
Driver info: driver.version: AndroidDriver
remote stacktrace: UnknownError: An unknown server-side error occurred while processing the command. Original error: The protocol 'bs:' used in 'bs://bb554f07e315ef392055bb1f5e8fb4956fd3e017' is not supported. Only http: and https: protocols are supported
    at getResponseForW3CError (C:\Users\rajesh.k\AppData\Local\Programs\Appium\resources\app\node_modules\appium\node_modules\appium-base-driver\lib\protocol\errors.js:826:9)
    at asyncHandler (C:\Users\rajesh.k\AppData\Local\Programs\Appium\resources\app\node_modules\appium\node_modules\appium-base-driver\lib\protocol\protocol.js:447:37)
    at process._tickCallback (internal/process/next_tick.js:68:7)
at org.openqa.selenium.remote.W3CHandshakeResponse.lambda$errorHandler$0(W3CHandshakeResponse.java:62)
at org.openqa.selenium.remote.HandshakeResponse.lambda$getResponseFunction$0(HandshakeResponse.java:30)
at org.openqa.selenium.remote.ProtocolHandshake.lambda$createSession$0(ProtocolHandshake.java:126)
at java.util.stream.ReferencePipeline$3$1.accept(Unknown Source)
at java.util.Spliterators$ArraySpliterator.tryAdvance(Unknown Source)
at java.util.stream.ReferencePipeline.forEachWithCancel(Unknown Source)
at java.util.stream.AbstractPipeline.copyIntoWithCancel(Unknown Source)
at java.util.stream.AbstractPipeline.copyInto(Unknown Source)
at java.util.stream.AbstractPipeline.wrapAndCopyInto(Unknown Source)
at java.util.stream.FindOps$FindOp.evaluateSequential(Unknown Source)
at java.util.stream.AbstractPipeline.evaluate(Unknown Source)
at java.util.stream.ReferencePipeline.findFirst(Unknown Source)
at org.openqa.selenium.remote.ProtocolHandshake.createSession(ProtocolHandshake.java:128)
... 39 more
... Removed 26 stack frames]]>
    </failure>
  </testcase> <!-- @BeforeClass launchapp -->
  <testcase name="@AfterMethod getResult" time="0.0" classname="AndroidAppiumAuto.AppActivity_Group2">
    <skipped/>
  </testcase> <!-- @AfterMethod getResult -->
  <testcase name="@AfterMethod getResult" time="0.0" classname="AndroidAppiumAuto.AppActivity">
    <skipped/>
  </testcase> <!-- @AfterMethod getResult -->
  <testcase name="@AfterMethod getResult" time="0.0" classname="AndroidAppiumAuto.AppActivity">
    <skipped/>
  </testcase> <!-- @AfterMethod getResult -->
  <testcase name="@AfterMethod getResult" time="0.0" classname="AndroidAppiumAuto.AppActivity_Group2">
    <skipped/>
  </testcase> <!-- @AfterMethod getResult -->
  <testcase name="@AfterMethod getResult" time="0.0" classname="AndroidAppiumAuto.AppActivity">
    <skipped/>
  </testcase> <!-- @AfterMethod getResult -->
  <testcase name="@AfterMethod getResult" time="0.0" classname="AndroidAppiumAuto.AppActivity_Group2">
    <skipped/>
  </testcase> <!-- @AfterMethod getResult -->
  <testcase name="@AfterMethod getResult" time="0.0" classname="AndroidAppiumAuto.AppActivity">
    <skipped/>
  </testcase> <!-- @AfterMethod getResult -->
  <testcase name="@AfterMethod getResult" time="0.0" classname="AndroidAppiumAuto.AppActivity">
    <skipped/>
  </testcase> <!-- @AfterMethod getResult -->
  <testcase name="@AfterMethod getResult" time="0.0" classname="AndroidAppiumAuto.AppActivity">
    <skipped/>
  </testcase> <!-- @AfterMethod getResult -->
  <testcase name="@AfterMethod getResult" time="0.0" classname="AndroidAppiumAuto.AppActivity">
    <skipped/>
  </testcase> <!-- @AfterMethod getResult -->
  <testcase name="@AfterMethod getResult" time="0.0" classname="AndroidAppiumAuto.AppActivity">
    <skipped/>
  </testcase> <!-- @AfterMethod getResult -->
  <testcase name="@AfterMethod getResult" time="0.0" classname="AndroidAppiumAuto.AppActivity">
    <skipped/>
  </testcase> <!-- @AfterMethod getResult -->
  <testcase name="@AfterMethod getResult" time="0.0" classname="AndroidAppiumAuto.AppActivity">
    <skipped/>
  </testcase> <!-- @AfterMethod getResult -->
  <testcase name="@AfterMethod getResult" time="0.0" classname="AndroidAppiumAuto.AppActivity">
    <skipped/>
  </testcase> <!-- @AfterMethod getResult -->
  <testcase name="@AfterMethod getResult" time="0.0" classname="AndroidAppiumAuto.AppActivity">
    <skipped/>
  </testcase> <!-- @AfterMethod getResult -->
  <testcase name="@AfterMethod getResult" time="0.0" classname="AndroidAppiumAuto.AppActivity">
    <skipped/>
  </testcase> <!-- @AfterMethod getResult -->
  <testcase name="@AfterMethod getResult" time="0.0" classname="AndroidAppiumAuto.AppActivity">
    <skipped/>
  </testcase> <!-- @AfterMethod getResult -->
  <testcase name="@AfterMethod getResult" time="0.0" classname="AndroidAppiumAuto.AppActivity">
    <skipped/>
  </testcase> <!-- @AfterMethod getResult -->
  <testcase name="@AfterClass tearDown" time="0.0" classname="AndroidAppiumAuto.AppActivity">
    <skipped/>
  </testcase> <!-- @AfterClass tearDown -->
  <testcase name="@AfterMethod getResult" time="0.0" classname="AndroidAppiumAuto.AppActivity_Group2">
    <skipped/>
  </testcase> <!-- @AfterMethod getResult -->
  <testcase name="@AfterMethod getResult" time="0.0" classname="AndroidAppiumAuto.AppActivity_Group2">
    <skipped/>
  </testcase> <!-- @AfterMethod getResult -->
  <testcase name="@AfterMethod getResult" time="0.0" classname="AndroidAppiumAuto.AppActivity_Group2">
    <skipped/>
  </testcase> <!-- @AfterMethod getResult -->
  <testcase name="@AfterMethod getResult" time="0.0" classname="AndroidAppiumAuto.AppActivity_Group2">
    <skipped/>
  </testcase> <!-- @AfterMethod getResult -->
  <testcase name="@AfterMethod getResult" time="0.0" classname="AndroidAppiumAuto.AppActivity_Group2">
    <skipped/>
  </testcase> <!-- @AfterMethod getResult -->
  <testcase name="@AfterMethod getResult" time="0.0" classname="AndroidAppiumAuto.AppActivity_Group2">
    <skipped/>
  </testcase> <!-- @AfterMethod getResult -->
  <testcase name="@AfterMethod getResult" time="0.0" classname="AndroidAppiumAuto.AppActivity_Group2">
    <skipped/>
  </testcase> <!-- @AfterMethod getResult -->
  <testcase name="@AfterMethod getResult" time="0.0" classname="AndroidAppiumAuto.AppActivity_Group2">
    <skipped/>
  </testcase> <!-- @AfterMethod getResult -->
  <testcase name="@AfterMethod getResult" time="0.0" classname="AndroidAppiumAuto.AppActivity_Group2">
    <skipped/>
  </testcase> <!-- @AfterMethod getResult -->
  <testcase name="@AfterMethod getResult" time="0.0" classname="AndroidAppiumAuto.AppActivity_Group2">
    <skipped/>
  </testcase> <!-- @AfterMethod getResult -->
  <testcase name="@AfterMethod getResult" time="0.0" classname="AndroidAppiumAuto.AppActivity_Group2">
    <skipped/>
  </testcase> <!-- @AfterMethod getResult -->
  <testcase name="@AfterMethod getResult" time="0.0" classname="AndroidAppiumAuto.AppActivity_Group2">
    <skipped/>
  </testcase> <!-- @AfterMethod getResult -->
  <testcase name="@AfterMethod getResult" time="0.0" classname="AndroidAppiumAuto.AppActivity_Group2">
    <skipped/>
  </testcase> <!-- @AfterMethod getResult -->
  <testcase name="@AfterMethod getResult" time="0.0" classname="AndroidAppiumAuto.AppActivity_Group2">
    <skipped/>
  </testcase> <!-- @AfterMethod getResult -->
  <testcase name="@AfterMethod getResult" time="0.0" classname="AndroidAppiumAuto.AppActivity_Group2">
    <skipped/>
  </testcase> <!-- @AfterMethod getResult -->
  <testcase name="@AfterMethod getResult" time="0.0" classname="AndroidAppiumAuto.AppActivity_Group2">
    <skipped/>
  </testcase> <!-- @AfterMethod getResult -->
  <testcase name="@AfterMethod getResult" time="0.0" classname="AndroidAppiumAuto.AppActivity_Group2">
    <skipped/>
  </testcase> <!-- @AfterMethod getResult -->
  <testcase name="@AfterClass tearDown" time="0.0" classname="AndroidAppiumAuto.AppActivity_Group2">
    <skipped/>
  </testcase> <!-- @AfterClass tearDown -->
  <testcase name="@AfterTest crashdetails" time="0.0" classname="AndroidAppiumAuto.AppActivity">
    <skipped/>
  </testcase> <!-- @AfterTest crashdetails -->
  <testcase name="@AfterTest crashdetails" time="0.0" classname="AndroidAppiumAuto.AppActivity_Group2">
    <skipped/>
  </testcase> <!-- @AfterTest crashdetails -->
  <testcase name="NoMsisdn" time="0.0" classname="AndroidAppiumAuto.AppActivity">
    <skipped/>
  </testcase> <!-- NoMsisdn -->
  <testcase name="InvalidMsisdn" time="0.0" classname="AndroidAppiumAuto.AppActivity">
    <skipped/>
  </testcase> <!-- InvalidMsisdn -->
  <testcase name="LoginPage" time="0.0" classname="AndroidAppiumAuto.AppActivity_Group2">
    <skipped/>
  </testcase> <!-- LoginPage -->
  <testcase name="LoginPage" time="0.0" classname="AndroidAppiumAuto.AppActivity">
    <skipped/>
  </testcase> <!-- LoginPage -->
  <testcase name="OTPPageValidation" time="0.0" classname="AndroidAppiumAuto.AppActivity">
    <skipped/>
  </testcase> <!-- OTPPageValidation -->
  <testcase name="ResendFetchOTP" time="0.0" classname="AndroidAppiumAuto.AppActivity_Group2">
    <skipped/>
  </testcase> <!-- ResendFetchOTP -->
  <testcase name="ResendFetchOTP" time="0.0" classname="AndroidAppiumAuto.AppActivity">
    <skipped/>
  </testcase> <!-- ResendFetchOTP -->
  <testcase name="contextpopup" time="0.0" classname="AndroidAppiumAuto.AppActivity_Group2">
    <skipped/>
  </testcase> <!-- contextpopup -->
  <testcase name="contextpopup" time="0.0" classname="AndroidAppiumAuto.AppActivity">
    <skipped/>
  </testcase> <!-- contextpopup -->
  <testcase name="BannerDetails" time="0.0" classname="AndroidAppiumAuto.AppActivity">
    <skipped/>
  </testcase> <!-- BannerDetails -->
  <testcase name="QuickLinks" time="0.0" classname="AndroidAppiumAuto.AppActivity">
    <skipped/>
  </testcase> <!-- QuickLinks -->
  <testcase name="Notifications" time="0.0" classname="AndroidAppiumAuto.AppActivity">
    <skipped/>
  </testcase> <!-- Notifications -->
  <testcase name="UsageHistory" time="0.0" classname="AndroidAppiumAuto.AppActivity">
    <skipped/>
  </testcase> <!-- UsageHistory -->
  <testcase name="UserRegisterStatus" time="0.0" classname="AndroidAppiumAuto.AppActivity">
    <skipped/>
  </testcase> <!-- UserRegisterStatus -->
  <testcase name="UserRegisterDetails" time="0.0" classname="AndroidAppiumAuto.AppActivity">
    <skipped/>
  </testcase> <!-- UserRegisterDetails -->
  <testcase name="QueryBalanceApi" time="0.0" classname="AndroidAppiumAuto.AppActivity">
    <skipped/>
  </testcase> <!-- QueryBalanceApi -->
  <testcase name="VIPHomePage" time="0.0" classname="AndroidAppiumAuto.AppActivity">
    <skipped/>
  </testcase> <!-- VIPHomePage -->
  <testcase name="DDDPacks" time="0.0" classname="AndroidAppiumAuto.AppActivity">
    <skipped/>
  </testcase> <!-- DDDPacks -->
  <testcase name="PyawPyawYu" time="0.0" classname="AndroidAppiumAuto.AppActivity">
    <skipped/>
  </testcase> <!-- PyawPyawYu -->
  <testcase name="PageloadTest" time="0.0" classname="AndroidAppiumAuto.AppActivity">
    <skipped/>
  </testcase> <!-- PageloadTest -->
  <testcase name="VIPHomePageShortCutIcons" time="0.0" classname="AndroidAppiumAuto.AppActivity_Group2">
    <skipped/>
  </testcase> <!-- VIPHomePageShortCutIcons -->
  <testcase name="VipSpinWheel" time="0.0" classname="AndroidAppiumAuto.AppActivity_Group2">
    <skipped/>
  </testcase> <!-- VipSpinWheel -->
  <testcase name="VIPRedeemPoints" time="0.0" classname="AndroidAppiumAuto.AppActivity_Group2">
    <skipped/>
  </testcase> <!-- VIPRedeemPoints -->
  <testcase name="VIPMyDiscounts" time="0.0" classname="AndroidAppiumAuto.AppActivity_Group2">
    <skipped/>
  </testcase> <!-- VIPMyDiscounts -->
  <testcase name="VIPMyPoints" time="0.0" classname="AndroidAppiumAuto.AppActivity_Group2">
    <skipped/>
  </testcase> <!-- VIPMyPoints -->
  <testcase name="UpdateLocation" time="0.0" classname="AndroidAppiumAuto.AppActivity_Group2">
    <skipped/>
  </testcase> <!-- UpdateLocation -->
  <testcase name="VIPMyBenefits" time="0.0" classname="AndroidAppiumAuto.AppActivity_Group2">
    <skipped/>
  </testcase> <!-- VIPMyBenefits -->
  <testcase name="VIP_Validation" time="0.0" classname="AndroidAppiumAuto.AppActivity_Group2">
    <skipped/>
  </testcase> <!-- VIP_Validation -->
  <testcase name="VIPProfileUpdate" time="0.0" classname="AndroidAppiumAuto.AppActivity_Group2">
    <skipped/>
  </testcase> <!-- VIPProfileUpdate -->
  <testcase name="BannerDet" time="0.0" classname="AndroidAppiumAuto.AppActivity_Group2">
    <skipped/>
  </testcase> <!-- BannerDet -->
  <testcase name="LiveTVDetails" time="0.0" classname="AndroidAppiumAuto.AppActivity_Group2">
    <skipped/>
  </testcase> <!-- LiveTVDetails -->
  <testcase name="TopUpMPitesan" time="0.0" classname="AndroidAppiumAuto.AppActivity_Group2">
    <skipped/>
  </testcase> <!-- TopUpMPitesan -->
  <testcase name="Report_An_Issue" time="0.0" classname="AndroidAppiumAuto.AppActivity_Group2">
    <skipped/>
  </testcase> <!-- Report_An_Issue -->
  <testcase name="More_Settings" time="0.0" classname="AndroidAppiumAuto.AppActivity_Group2">
    <skipped/>
  </testcase> <!-- More_Settings -->
  <testcase name="Ooredoo_Play" time="0.0" classname="AndroidAppiumAuto.AppActivity_Group2">
    <skipped/>
  </testcase> <!-- Ooredoo_Play -->
  <testcase name="accountview" time="0.0" classname="AndroidAppiumAuto.AppActivity_Group2">
    <skipped/>
  </testcase> <!-- accountview -->
  <testcase name="LogOut" time="0.0" classname="AndroidAppiumAuto.AppActivity_Group2">
    <skipped/>
  </testcase> <!-- LogOut -->
  <testcase name="VIP_Validation" time="0.0" classname="AndroidAppiumAuto.AppActivity">
    <ignored/>
  </testcase> <!-- VIP_Validation -->
  <testcase name="ByopQueryBalance" time="0.0" classname="AndroidAppiumAuto.AppActivity_Group2">
    <ignored/>
  </testcase> <!-- ByopQueryBalance -->
  <testcase name="PyawPyawYu" time="0.0" classname="AndroidAppiumAuto.AppActivity_Group2">
    <ignored/>
  </testcase> <!-- PyawPyawYu -->
  <testcase name="NoMsisdn" time="0.0" classname="AndroidAppiumAuto.AppActivity_Group2">
    <ignored/>
  </testcase> <!-- NoMsisdn -->
  <testcase name="Ooredoo_Play" time="0.0" classname="AndroidAppiumAuto.AppActivity">
    <ignored/>
  </testcase> <!-- Ooredoo_Play -->
  <testcase name="DDDPacks" time="0.0" classname="AndroidAppiumAuto.AppActivity_Group2">
    <ignored/>
  </testcase> <!-- DDDPacks -->
  <testcase name="TopUpVoucher" time="0.0" classname="AndroidAppiumAuto.AppActivity">
    <ignored/>
  </testcase> <!-- TopUpVoucher -->
  <testcase name="BannerDet" time="0.0" classname="AndroidAppiumAuto.AppActivity">
    <ignored/>
  </testcase> <!-- BannerDet -->
  <testcase name="BannerDetails" time="0.0" classname="AndroidAppiumAuto.AppActivity_Group2">
    <ignored/>
  </testcase> <!-- BannerDetails -->
  <testcase name="LogOut" time="0.0" classname="AndroidAppiumAuto.AppActivity">
    <ignored/>
  </testcase> <!-- LogOut -->
  <testcase name="InvalidMsisdn" time="0.0" classname="AndroidAppiumAuto.AppActivity_Group2">
    <ignored/>
  </testcase> <!-- InvalidMsisdn -->
  <testcase name="UserRegisterStatus" time="0.0" classname="AndroidAppiumAuto.AppActivity_Group2">
    <ignored/>
  </testcase> <!-- UserRegisterStatus -->
  <testcase name="VIPProfileUpdate" time="0.0" classname="AndroidAppiumAuto.AppActivity">
    <ignored/>
  </testcase> <!-- VIPProfileUpdate -->
  <testcase name="accountview" time="0.0" classname="AndroidAppiumAuto.AppActivity">
    <ignored/>
  </testcase> <!-- accountview -->
  <testcase name="LiveTVDetails" time="0.0" classname="AndroidAppiumAuto.AppActivity">
    <ignored/>
  </testcase> <!-- LiveTVDetails -->
  <testcase name="Report_An_Issue" time="0.0" classname="AndroidAppiumAuto.AppActivity">
    <ignored/>
  </testcase> <!-- Report_An_Issue -->
  <testcase name="VIPEarnMorePoints" time="0.0" classname="AndroidAppiumAuto.AppActivity_Group2">
    <ignored/>
  </testcase> <!-- VIPEarnMorePoints -->
  <testcase name="ByopQueryBalance" time="0.0" classname="AndroidAppiumAuto.AppActivity">
    <ignored/>
  </testcase> <!-- ByopQueryBalance -->
  <testcase name="More_Settings" time="0.0" classname="AndroidAppiumAuto.AppActivity">
    <ignored/>
  </testcase> <!-- More_Settings -->
  <testcase name="VIPMyBenefits" time="0.0" classname="AndroidAppiumAuto.AppActivity">
    <ignored/>
  </testcase> <!-- VIPMyBenefits -->
  <testcase name="TopUpVoucher" time="0.0" classname="AndroidAppiumAuto.AppActivity_Group2">
    <ignored/>
  </testcase> <!-- TopUpVoucher -->
  <testcase name="VIPHomePage" time="0.0" classname="AndroidAppiumAuto.AppActivity_Group2">
    <ignored/>
  </testcase> <!-- VIPHomePage -->
  <testcase name="OTPPageValidation" time="0.0" classname="AndroidAppiumAuto.AppActivity_Group2">
    <ignored/>
  </testcase> <!-- OTPPageValidation -->
  <testcase name="TopUpMPitesan" time="0.0" classname="AndroidAppiumAuto.AppActivity">
    <ignored/>
  </testcase> <!-- TopUpMPitesan -->
  <testcase name="VIPMyPoints" time="0.0" classname="AndroidAppiumAuto.AppActivity">
    <ignored/>
  </testcase> <!-- VIPMyPoints -->
  <testcase name="UpdateLocation" time="0.0" classname="AndroidAppiumAuto.AppActivity">
    <ignored/>
  </testcase> <!-- UpdateLocation -->
  <testcase name="UsageHistory" time="0.0" classname="AndroidAppiumAuto.AppActivity_Group2">
    <ignored/>
  </testcase> <!-- UsageHistory -->
  <testcase name="QuickLinks" time="0.0" classname="AndroidAppiumAuto.AppActivity_Group2">
    <ignored/>
  </testcase> <!-- QuickLinks -->
  <testcase name="VIPMyDiscounts" time="0.0" classname="AndroidAppiumAuto.AppActivity">
    <ignored/>
  </testcase> <!-- VIPMyDiscounts -->
  <testcase name="VipSpinWheel" time="0.0" classname="AndroidAppiumAuto.AppActivity">
    <ignored/>
  </testcase> <!-- VipSpinWheel -->
  <testcase name="VIPHomePageShortCutIcons" time="0.0" classname="AndroidAppiumAuto.AppActivity">
    <ignored/>
  </testcase> <!-- VIPHomePageShortCutIcons -->
  <testcase name="PageloadTest" time="0.0" classname="AndroidAppiumAuto.AppActivity_Group2">
    <ignored/>
  </testcase> <!-- PageloadTest -->
  <testcase name="Notifications" time="0.0" classname="AndroidAppiumAuto.AppActivity_Group2">
    <ignored/>
  </testcase> <!-- Notifications -->
  <testcase name="VIPEarnMorePoints" time="0.0" classname="AndroidAppiumAuto.AppActivity">
    <ignored/>
  </testcase> <!-- VIPEarnMorePoints -->
  <testcase name="UserRegisterDetails" time="0.0" classname="AndroidAppiumAuto.AppActivity_Group2">
    <ignored/>
  </testcase> <!-- UserRegisterDetails -->
  <testcase name="VIPRedeemPoints" time="0.0" classname="AndroidAppiumAuto.AppActivity">
    <ignored/>
  </testcase> <!-- VIPRedeemPoints -->
  <testcase name="QueryBalanceApi" time="0.0" classname="AndroidAppiumAuto.AppActivity_Group2">
    <ignored/>
  </testcase> <!-- QueryBalanceApi -->
</testsuite> <!-- testpixels -->
