<?xml version="1.0" encoding="UTF-8"?>
<!-- Generated by org.testng.reporters.JUnitXMLReporter -->
<testsuite hostname="wlpt761" ignored="20" name="Test2" tests="17" failures="9" timestamp="01 Oct 2020 12:39:12 GMT" time="118.587" errors="0">
  <testcase name="@AfterMethod getResult" time="2.026" classname="AndroidAppiumAuto.AppActivity">
    <failure type="org.openqa.selenium.WebDriverException" message="An unknown server-side error occurred while processing the command. Original error: Could not proxy command to remote server. Original error: Error: connect ECONNREFUSED 127.0.0.1:8200
Build info: version: &amp;apos;3.141.59&amp;apos;, revision: &amp;apos;e82be7d358&amp;apos;, time: &amp;apos;2018-11-14T08:17:03&amp;apos;
System info: host: &amp;apos;WLPT761&amp;apos;, ip: &amp;apos;172.16.40.185&amp;apos;, os.name: &amp;apos;Windows 10&amp;apos;, os.arch: &amp;apos;amd64&amp;apos;, os.version: &amp;apos;10.0&amp;apos;, java.version: &amp;apos;1.8.0_261&amp;apos;
Driver info: io.appium.java_client.android.AndroidDriver
Capabilities {appActivity: com.ooredoo.selfcare.Ooredoo, appPackage: com.ooredoo.selfcare, autoGrantPermissions: true, autoWebView: true, automationName: UiAutomator2, databaseEnabled: false, desired: {appActivity: com.ooredoo.selfcare.Ooredoo, appPackage: com.ooredoo.selfcare, autoGrantPermissions: true, autoWebView: true, automationName: UiAutomator2, deviceName: uiautomatorviewer, maxInstances: 3, name:  OM Sample Test, platformName: android, udid: V4QKLNTK6PBYPJCU}, deviceApiLevel: 27, deviceManufacturer: OPPO, deviceModel: CPH1909, deviceName: V4QKLNTK6PBYPJCU, deviceScreenDensity: 320, deviceScreenSize: 720x1520, deviceUDID: V4QKLNTK6PBYPJCU, javascriptEnabled: true, locationContextEnabled: false, maxInstances: 3, name:  OM Sample Test, networkConnectionEnabled: true, pixelRatio: 2, platform: LINUX, platformName: Android, platformVersion: 8.1.0, statBarHeight: 56, takesScreenshot: true, udid: V4QKLNTK6PBYPJCU, viewportRect: {height: 1368, left: 0, top: 56, width: 720}, warnings: {}, webStorageEnabled: false}
Session ID: 12b1693c-aa4c-484b-908c-2f2c53bf5f01">
      <![CDATA[org.openqa.selenium.WebDriverException: An unknown server-side error occurred while processing the command. Original error: Could not proxy command to remote server. Original error: Error: connect ECONNREFUSED 127.0.0.1:8200
Build info: version: '3.141.59', revision: 'e82be7d358', time: '2018-11-14T08:17:03'
System info: host: 'WLPT761', ip: '172.16.40.185', os.name: 'Windows 10', os.arch: 'amd64', os.version: '10.0', java.version: '1.8.0_261'
Driver info: io.appium.java_client.android.AndroidDriver
Capabilities {appActivity: com.ooredoo.selfcare.Ooredoo, appPackage: com.ooredoo.selfcare, autoGrantPermissions: true, autoWebView: true, automationName: UiAutomator2, databaseEnabled: false, desired: {appActivity: com.ooredoo.selfcare.Ooredoo, appPackage: com.ooredoo.selfcare, autoGrantPermissions: true, autoWebView: true, automationName: UiAutomator2, deviceName: uiautomatorviewer, maxInstances: 3, name:  OM Sample Test, platformName: android, udid: V4QKLNTK6PBYPJCU}, deviceApiLevel: 27, deviceManufacturer: OPPO, deviceModel: CPH1909, deviceName: V4QKLNTK6PBYPJCU, deviceScreenDensity: 320, deviceScreenSize: 720x1520, deviceUDID: V4QKLNTK6PBYPJCU, javascriptEnabled: true, locationContextEnabled: false, maxInstances: 3, name:  OM Sample Test, networkConnectionEnabled: true, pixelRatio: 2, platform: LINUX, platformName: Android, platformVersion: 8.1.0, statBarHeight: 56, takesScreenshot: true, udid: V4QKLNTK6PBYPJCU, viewportRect: {height: 1368, left: 0, top: 56, width: 720}, warnings: {}, webStorageEnabled: false}
Session ID: 12b1693c-aa4c-484b-908c-2f2c53bf5f01
at org.openqa.selenium.remote.http.W3CHttpResponseCodec.createException(W3CHttpResponseCodec.java:187)
at org.openqa.selenium.remote.http.W3CHttpResponseCodec.decode(W3CHttpResponseCodec.java:122)
at org.openqa.selenium.remote.http.W3CHttpResponseCodec.decode(W3CHttpResponseCodec.java:49)
at org.openqa.selenium.remote.HttpCommandExecutor.execute(HttpCommandExecutor.java:158)
at io.appium.java_client.remote.AppiumCommandExecutor.execute(AppiumCommandExecutor.java:239)
at org.openqa.selenium.remote.RemoteWebDriver.execute(RemoteWebDriver.java:552)
at io.appium.java_client.DefaultGenericMobileDriver.execute(DefaultGenericMobileDriver.java:46)
at io.appium.java_client.AppiumDriver.execute(AppiumDriver.java:1)
at io.appium.java_client.android.AndroidDriver.execute(AndroidDriver.java:1)
at org.openqa.selenium.remote.RemoteWebDriver.getScreenshotAs(RemoteWebDriver.java:295)
at AndroidAppiumAuto.AppActivity.capture(AppActivity.java:708)
at AndroidAppiumAuto.AppActivity.getResult(AppActivity.java:698)
at java.util.concurrent.FutureTask.run(Unknown Source)
at java.util.concurrent.ThreadPoolExecutor.runWorker(Unknown Source)
at java.util.concurrent.ThreadPoolExecutor$Worker.run(Unknown Source)
at java.lang.Thread.run(Unknown Source)
... Removed 22 stack frames]]>
    </failure>
  </testcase> <!-- @AfterMethod getResult -->
  <testcase name="@AfterMethod getResult" time="0.0" classname="AndroidAppiumAuto.AppActivity">
    <skipped/>
  </testcase> <!-- @AfterMethod getResult -->
  <testcase name="@AfterMethod getResult" time="0.0" classname="AndroidAppiumAuto.AppActivity">
    <skipped/>
  </testcase> <!-- @AfterMethod getResult -->
  <testcase name="@AfterMethod getResult" time="0.0" classname="AndroidAppiumAuto.AppActivity">
    <skipped/>
  </testcase> <!-- @AfterMethod getResult -->
  <testcase name="@AfterClass tearDown" time="0.0" classname="AndroidAppiumAuto.AppActivity">
    <skipped/>
  </testcase> <!-- @AfterClass tearDown -->
  <testcase name="@AfterTest crashdetails" time="0.0" classname="AndroidAppiumAuto.AppActivity">
    <skipped/>
  </testcase> <!-- @AfterTest crashdetails -->
  <testcase name="NoMsisdn" time="6.485" classname="AndroidAppiumAuto.AppActivity">
    <failure type="AndroidAppiumAuto.exceptions.CustomException" message="The Element login could not find from the application please try again !">
      <![CDATA[AndroidAppiumAuto.exceptions.CustomException: The Element login could not find from the application please try again !
at AndroidAppiumAuto.CommonMethods.AppValidation(CommonMethods.java:184)
at AndroidAppiumAuto.SupportMethods.withoutmsisdn(SupportMethods.java:2128)
at AndroidAppiumAuto.AppActivity.NoMsisdn(AppActivity.java:68)
at java.util.concurrent.FutureTask.run(Unknown Source)
at java.util.concurrent.ThreadPoolExecutor.runWorker(Unknown Source)
at java.util.concurrent.ThreadPoolExecutor$Worker.run(Unknown Source)
at java.lang.Thread.run(Unknown Source)
... Removed 16 stack frames]]>
    </failure>
  </testcase> <!-- NoMsisdn -->
  <testcase name="InvalidMsisdn" time="3.513" classname="AndroidAppiumAuto.AppActivity">
    <failure type="org.openqa.selenium.StaleElementReferenceException" message="io.appium.uiautomator2.common.exceptions.StaleElementReferenceException: The element &amp;apos;By.xpath: //android.widget.ImageView[contains(@resource-id,&amp;apos;com.ooredoo.selfcare:id/iv_getOTP&amp;apos;)]&amp;apos; does not exist in DOM anymore
	at io.appium.uiautomator2.model.KnownElements.getElementFromCache(KnownElements.java:88)
	at io.appium.uiautomator2.handler.GetElementAttribute.safeHandle(GetElementAttribute.java:25)
	at io.appium.uiautomator2.handler.request.SafeRequestHandler.handle(SafeRequestHandler.java:37)
	at io.appium.uiautomator2.server.AppiumServlet.handleRequest(AppiumServlet.java:252)
	at io.appium.uiautomator2.server.AppiumServlet.handleHttpRequest(AppiumServlet.java:243)
	at io.appium.uiautomator2.http.ServerHandler.channelRead(ServerHandler.java:44)
	at io.netty.channel.AbstractChannelHandlerContext.invokeChannelRead(AbstractChannelHandlerContext.java:366)
	at io.netty.channel.AbstractChannelHandlerContext.invokeChannelRead(AbstractChannelHandlerContext.java:352)
	at io.netty.channel.AbstractChannelHandlerContext.fireChannelRead(AbstractChannelHandlerContext.java:345)
	at io.netty.handler.codec.MessageToMessageDecoder.channelRead(MessageToMessageDecoder.java:102)
	at io.netty.channel.AbstractChannelHandlerContext.invokeChannelRead(AbstractChannelHandlerContext.java:366)
	at io.netty.channel.AbstractChannelHandlerContext.invokeChannelRead(AbstractChannelHandlerContext.java:352)
	at io.netty.channel.AbstractChannelHandlerContext.fireChannelRead(AbstractChannelHandlerContext.java:345)
	at io.netty.channel.CombinedChannelDuplexHandler$DelegatingChannelHandlerContext.fireChannelRead(CombinedChannelDuplexHandler.java:435)
	at io.netty.handler.codec.ByteToMessageDecoder.fireChannelRead(ByteToMessageDecoder.java:293)
	at io.netty.handler.codec.ByteToMessageDecoder.channelRead(ByteToMessageDecoder.java:267)
	at io.netty.channel.CombinedChannelDuplexHandler.channelRead(CombinedChannelDuplexHandler.java:250)
	at io.netty.channel.AbstractChannelHandlerContext.invokeChannelRead(AbstractChannelHandlerContext.java:366)
	at io.netty.channel.AbstractChannelHandlerContext.invokeChannelRead(AbstractChannelHandlerContext.java:352)
	at io.netty.channel.AbstractChannelHandlerContext.fireChannelRead(AbstractChannelHandlerContext.java:345)
	at io.netty.channel.DefaultChannelPipeline$HeadContext.channelRead(DefaultChannelPipeline.java:1294)
	at io.netty.channel.AbstractChannelHandlerContext.invokeChannelRead(AbstractChannelHandlerContext.java:366)
	at io.netty.channel.AbstractChannelHandlerContext.invokeChannelRead(AbstractChannelHandlerContext.java:352)
	at io.netty.channel.DefaultChannelPipeline.fireChannelRead(DefaultChannelPipeline.java:911)
	at io.netty.channel.nio.AbstractNioByteChannel$NioByteUnsafe.read(AbstractNioByteChannel.java:131)
	at io.netty.channel.nio.NioEventLoop.processSelectedKey(NioEventLoop.java:611)
	at io.netty.channel.nio.NioEventLoop.processSelectedKeysOptimized(NioEventLoop.java:552)
	at io.netty.channel.nio.NioEventLoop.processSelectedKeys(NioEventLoop.java:466)
	at io.netty.channel.nio.NioEventLoop.run(NioEventLoop.java:438)
	at io.netty.util.concurrent.SingleThreadEventExecutor$2.run(SingleThreadEventExecutor.java:140)
	at io.netty.util.concurrent.DefaultThreadFactory$DefaultRunnableDecorator.run(DefaultThreadFactory.java:144)
	at java.lang.Thread.run(Thread.java:764)

For documentation on this error, please visit: https://www.seleniumhq.org/exceptions/stale_element_reference.html
Build info: version: &amp;apos;3.141.59&amp;apos;, revision: &amp;apos;e82be7d358&amp;apos;, time: &amp;apos;2018-11-14T08:17:03&amp;apos;
System info: host: &amp;apos;WLPT761&amp;apos;, ip: &amp;apos;172.16.40.185&amp;apos;, os.name: &amp;apos;Windows 10&amp;apos;, os.arch: &amp;apos;amd64&amp;apos;, os.version: &amp;apos;10.0&amp;apos;, java.version: &amp;apos;1.8.0_261&amp;apos;
Driver info: io.appium.java_client.android.AndroidDriver
Capabilities {appActivity: com.ooredoo.selfcare.Ooredoo, appPackage: com.ooredoo.selfcare, autoGrantPermissions: true, autoWebView: true, automationName: UiAutomator2, databaseEnabled: false, desired: {appActivity: com.ooredoo.selfcare.Ooredoo, appPackage: com.ooredoo.selfcare, autoGrantPermissions: true, autoWebView: true, automationName: UiAutomator2, deviceName: uiautomatorviewer, maxInstances: 3, name:  OM Sample Test, platformName: android, udid: V4QKLNTK6PBYPJCU}, deviceApiLevel: 27, deviceManufacturer: OPPO, deviceModel: CPH1909, deviceName: V4QKLNTK6PBYPJCU, deviceScreenDensity: 320, deviceScreenSize: 720x1520, deviceUDID: V4QKLNTK6PBYPJCU, javascriptEnabled: true, locationContextEnabled: false, maxInstances: 3, name:  OM Sample Test, networkConnectionEnabled: true, pixelRatio: 2, platform: LINUX, platformName: Android, platformVersion: 8.1.0, statBarHeight: 56, takesScreenshot: true, udid: V4QKLNTK6PBYPJCU, viewportRect: {height: 1368, left: 0, top: 56, width: 720}, warnings: {}, webStorageEnabled: false}
Session ID: 12b1693c-aa4c-484b-908c-2f2c53bf5f01">
      <![CDATA[org.openqa.selenium.StaleElementReferenceException: io.appium.uiautomator2.common.exceptions.StaleElementReferenceException: The element 'By.xpath: //android.widget.ImageView[contains(@resource-id,'com.ooredoo.selfcare:id/iv_getOTP')]' does not exist in DOM anymore
at io.appium.uiautomator2.model.KnownElements.getElementFromCache(KnownElements.java:88)
at io.appium.uiautomator2.handler.GetElementAttribute.safeHandle(GetElementAttribute.java:25)
at io.appium.uiautomator2.handler.request.SafeRequestHandler.handle(SafeRequestHandler.java:37)
at io.appium.uiautomator2.server.AppiumServlet.handleRequest(AppiumServlet.java:252)
at io.appium.uiautomator2.server.AppiumServlet.handleHttpRequest(AppiumServlet.java:243)
at io.appium.uiautomator2.http.ServerHandler.channelRead(ServerHandler.java:44)
at io.netty.channel.AbstractChannelHandlerContext.invokeChannelRead(AbstractChannelHandlerContext.java:366)
at io.netty.channel.AbstractChannelHandlerContext.invokeChannelRead(AbstractChannelHandlerContext.java:352)
at io.netty.channel.AbstractChannelHandlerContext.fireChannelRead(AbstractChannelHandlerContext.java:345)
at io.netty.handler.codec.MessageToMessageDecoder.channelRead(MessageToMessageDecoder.java:102)
at io.netty.channel.AbstractChannelHandlerContext.invokeChannelRead(AbstractChannelHandlerContext.java:366)
at io.netty.channel.AbstractChannelHandlerContext.invokeChannelRead(AbstractChannelHandlerContext.java:352)
at io.netty.channel.AbstractChannelHandlerContext.fireChannelRead(AbstractChannelHandlerContext.java:345)
at io.netty.channel.CombinedChannelDuplexHandler$DelegatingChannelHandlerContext.fireChannelRead(CombinedChannelDuplexHandler.java:435)
at io.netty.handler.codec.ByteToMessageDecoder.fireChannelRead(ByteToMessageDecoder.java:293)
at io.netty.handler.codec.ByteToMessageDecoder.channelRead(ByteToMessageDecoder.java:267)
at io.netty.channel.CombinedChannelDuplexHandler.channelRead(CombinedChannelDuplexHandler.java:250)
at io.netty.channel.AbstractChannelHandlerContext.invokeChannelRead(AbstractChannelHandlerContext.java:366)
at io.netty.channel.AbstractChannelHandlerContext.invokeChannelRead(AbstractChannelHandlerContext.java:352)
at io.netty.channel.AbstractChannelHandlerContext.fireChannelRead(AbstractChannelHandlerContext.java:345)
at io.netty.channel.DefaultChannelPipeline$HeadContext.channelRead(DefaultChannelPipeline.java:1294)
at io.netty.channel.AbstractChannelHandlerContext.invokeChannelRead(AbstractChannelHandlerContext.java:366)
at io.netty.channel.AbstractChannelHandlerContext.invokeChannelRead(AbstractChannelHandlerContext.java:352)
at io.netty.channel.DefaultChannelPipeline.fireChannelRead(DefaultChannelPipeline.java:911)
at io.netty.channel.nio.AbstractNioByteChannel$NioByteUnsafe.read(AbstractNioByteChannel.java:131)
at io.netty.channel.nio.NioEventLoop.processSelectedKey(NioEventLoop.java:611)
at io.netty.channel.nio.NioEventLoop.processSelectedKeysOptimized(NioEventLoop.java:552)
at io.netty.channel.nio.NioEventLoop.processSelectedKeys(NioEventLoop.java:466)
at io.netty.channel.nio.NioEventLoop.run(NioEventLoop.java:438)
at io.netty.util.concurrent.SingleThreadEventExecutor$2.run(SingleThreadEventExecutor.java:140)
at io.netty.util.concurrent.DefaultThreadFactory$DefaultRunnableDecorator.run(DefaultThreadFactory.java:144)
at java.lang.Thread.run(Thread.java:764)

For documentation on this error, please visit: https://www.seleniumhq.org/exceptions/stale_element_reference.html
Build info: version: '3.141.59', revision: 'e82be7d358', time: '2018-11-14T08:17:03'
System info: host: 'WLPT761', ip: '172.16.40.185', os.name: 'Windows 10', os.arch: 'amd64', os.version: '10.0', java.version: '1.8.0_261'
Driver info: io.appium.java_client.android.AndroidDriver
Capabilities {appActivity: com.ooredoo.selfcare.Ooredoo, appPackage: com.ooredoo.selfcare, autoGrantPermissions: true, autoWebView: true, automationName: UiAutomator2, databaseEnabled: false, desired: {appActivity: com.ooredoo.selfcare.Ooredoo, appPackage: com.ooredoo.selfcare, autoGrantPermissions: true, autoWebView: true, automationName: UiAutomator2, deviceName: uiautomatorviewer, maxInstances: 3, name:  OM Sample Test, platformName: android, udid: V4QKLNTK6PBYPJCU}, deviceApiLevel: 27, deviceManufacturer: OPPO, deviceModel: CPH1909, deviceName: V4QKLNTK6PBYPJCU, deviceScreenDensity: 320, deviceScreenSize: 720x1520, deviceUDID: V4QKLNTK6PBYPJCU, javascriptEnabled: true, locationContextEnabled: false, maxInstances: 3, name:  OM Sample Test, networkConnectionEnabled: true, pixelRatio: 2, platform: LINUX, platformName: Android, platformVersion: 8.1.0, statBarHeight: 56, takesScreenshot: true, udid: V4QKLNTK6PBYPJCU, viewportRect: {height: 1368, left: 0, top: 56, width: 720}, warnings: {}, webStorageEnabled: false}
Session ID: 12b1693c-aa4c-484b-908c-2f2c53bf5f01
at org.openqa.selenium.remote.http.W3CHttpResponseCodec.createException(W3CHttpResponseCodec.java:187)
at org.openqa.selenium.remote.http.W3CHttpResponseCodec.decode(W3CHttpResponseCodec.java:122)
at org.openqa.selenium.remote.http.W3CHttpResponseCodec.decode(W3CHttpResponseCodec.java:49)
at org.openqa.selenium.remote.HttpCommandExecutor.execute(HttpCommandExecutor.java:158)
at io.appium.java_client.remote.AppiumCommandExecutor.execute(AppiumCommandExecutor.java:239)
at org.openqa.selenium.remote.RemoteWebDriver.execute(RemoteWebDriver.java:552)
at io.appium.java_client.DefaultGenericMobileDriver.execute(DefaultGenericMobileDriver.java:42)
at io.appium.java_client.AppiumDriver.execute(AppiumDriver.java:1)
at io.appium.java_client.android.AndroidDriver.execute(AndroidDriver.java:1)
at org.openqa.selenium.remote.RemoteWebElement.execute(RemoteWebElement.java:285)
at io.appium.java_client.DefaultGenericMobileElement.execute(DefaultGenericMobileElement.java:45)
at io.appium.java_client.MobileElement.execute(MobileElement.java:1)
at io.appium.java_client.android.AndroidElement.execute(AndroidElement.java:1)
at org.openqa.selenium.remote.RemoteWebElement.isDisplayed(RemoteWebElement.java:326)
at AndroidAppiumAuto.CommonMethods.ClickEvents(CommonMethods.java:120)
at AndroidAppiumAuto.SupportMethods.invalidnumber(SupportMethods.java:2106)
at AndroidAppiumAuto.AppActivity.InvalidMsisdn(AppActivity.java:77)
at java.util.concurrent.FutureTask.run(Unknown Source)
at java.util.concurrent.ThreadPoolExecutor.runWorker(Unknown Source)
at java.util.concurrent.ThreadPoolExecutor$Worker.run(Unknown Source)
at java.lang.Thread.run(Unknown Source)
... Removed 20 stack frames]]>
    </failure>
  </testcase> <!-- InvalidMsisdn -->
  <testcase name="LoginPage" time="4.686" classname="AndroidAppiumAuto.AppActivity">
    <failure type="AndroidAppiumAuto.exceptions.CustomException" message="The Element getotp you are trying to click is failed , Please try again !">
      <![CDATA[AndroidAppiumAuto.exceptions.CustomException: The Element getotp you are trying to click is failed , Please try again !
at AndroidAppiumAuto.CommonMethods.ClickEvents(CommonMethods.java:132)
at AndroidAppiumAuto.CommonMethods.loginpage(CommonMethods.java:1654)
at AndroidAppiumAuto.AppActivity.LoginPage(AppActivity.java:86)
at java.util.concurrent.FutureTask.run(Unknown Source)
at java.util.concurrent.ThreadPoolExecutor.runWorker(Unknown Source)
at java.util.concurrent.ThreadPoolExecutor$Worker.run(Unknown Source)
at java.lang.Thread.run(Unknown Source)
... Removed 16 stack frames]]>
    </failure>
  </testcase> <!-- LoginPage -->
  <testcase name="OTPPageValidation" time="14.725" classname="AndroidAppiumAuto.AppActivity">
    <failure type="AndroidAppiumAuto.exceptions.CustomException" message="The Element Login_Proceed you are trying to click is failed , Please try again !">
      <![CDATA[AndroidAppiumAuto.exceptions.CustomException: The Element Login_Proceed you are trying to click is failed , Please try again !
at AndroidAppiumAuto.CommonMethods.ClickEvents(CommonMethods.java:132)
at AndroidAppiumAuto.SupportMethods.OTPValidation(SupportMethods.java:2083)
at AndroidAppiumAuto.AppActivity.OTPPageValidation(AppActivity.java:95)
at java.util.concurrent.FutureTask.run(Unknown Source)
at java.util.concurrent.ThreadPoolExecutor.runWorker(Unknown Source)
at java.util.concurrent.ThreadPoolExecutor$Worker.run(Unknown Source)
at java.lang.Thread.run(Unknown Source)
... Removed 16 stack frames]]>
    </failure>
  </testcase> <!-- OTPPageValidation -->
  <testcase name="ResendFetchOTP" time="8.893" classname="AndroidAppiumAuto.AppActivity">
    <failure type="AndroidAppiumAuto.exceptions.CustomException" message="The Element ResendOTP you are trying to click is failed , Please try again !">
      <![CDATA[AndroidAppiumAuto.exceptions.CustomException: The Element ResendOTP you are trying to click is failed , Please try again !
at AndroidAppiumAuto.CommonMethods.ClickEvents(CommonMethods.java:132)
at AndroidAppiumAuto.SupportMethods.resendandgetotp(SupportMethods.java:2154)
at AndroidAppiumAuto.AppActivity.ResendFetchOTP(AppActivity.java:104)
at java.util.concurrent.FutureTask.run(Unknown Source)
at java.util.concurrent.ThreadPoolExecutor.runWorker(Unknown Source)
at java.util.concurrent.ThreadPoolExecutor$Worker.run(Unknown Source)
at java.lang.Thread.run(Unknown Source)
... Removed 16 stack frames]]>
    </failure>
  </testcase> <!-- ResendFetchOTP -->
  <testcase name="contextpopup" time="7.866" classname="AndroidAppiumAuto.AppActivity">
    <failure type="org.openqa.selenium.WebDriverException" message="An unknown server-side error occurred while processing the command. Original error: io.appium.uiautomator2.common.exceptions.UiAutomator2Exception: Error in building: Ill-formed XML document (missing opening tag for android.widget.FrameLayout). Try changing the &amp;apos;normalizeTagNames&amp;apos; driver setting to &amp;apos;true&amp;apos; in order to workaround the problem.
	at io.appium.uiautomator2.core.AccessibilityNodeInfoDumper.findNodes(AccessibilityNodeInfoDumper.java:233)
	at io.appium.uiautomator2.utils.ElementLocationHelpers.getXPathNodeMatch(ElementLocationHelpers.java:71)
	at io.appium.uiautomator2.handler.FindElements.findElements(FindElements.java:117)
	at io.appium.uiautomator2.handler.FindElements.safeHandle(FindElements.java:81)
	at io.appium.uiautomator2.handler.request.SafeRequestHandler.handle(SafeRequestHandler.java:37)
	at io.appium.uiautomator2.server.AppiumServlet.handleRequest(AppiumServlet.java:252)
	at io.appium.uiautomator2.server.AppiumServlet.handleHttpRequest(AppiumServlet.java:243)
	at io.appium.uiautomator2.http.ServerHandler.channelRead(ServerHandler.java:44)
	at io.netty.channel.AbstractChannelHandlerContext.invokeChannelRead(AbstractChannelHandlerContext.java:366)
	at io.netty.channel.AbstractChannelHandlerContext.invokeChannelRead(AbstractChannelHandlerContext.java:352)
	at io.netty.channel.AbstractChannelHandlerContext.fireChannelRead(AbstractChannelHandlerContext.java:345)
	at io.netty.handler.codec.MessageToMessageDecoder.channelRead(MessageToMessageDecoder.java:102)
	at io.netty.channel.AbstractChannelHandlerContext.invokeChannelRead(AbstractChannelHandlerContext.java:366)
	at io.netty.channel.AbstractChannelHandlerContext.invokeChannelRead(AbstractChannelHandlerContext.java:352)
	at io.netty.channel.AbstractChannelHandlerContext.fireChannelRead(AbstractChannelHandlerContext.java:345)
	at io.netty.channel.CombinedChannelDuplexHandler$DelegatingChannelHandlerContext.fireChannelRead(CombinedChannelDuplexHandler.java:435)
	at io.netty.handler.codec.ByteToMessageDecoder.fireChannelRead(ByteToMessageDecoder.java:293)
	at io.netty.handler.codec.ByteToMessageDecoder.channelRead(ByteToMessageDecoder.java:267)
	at io.netty.channel.CombinedChannelDuplexHandler.channelRead(CombinedChannelDuplexHandler.java:250)
	at io.netty.channel.AbstractChannelHandlerContext.invokeChannelRead(AbstractChannelHandlerContext.java:366)
	at io.netty.channel.AbstractChannelHandlerContext.invokeChannelRead(AbstractChannelHandlerContext.java:352)
	at io.netty.channel.AbstractChannelHandlerContext.fireChannelRead(AbstractChannelHandlerContext.java:345)
	at io.netty.channel.DefaultChannelPipeline$HeadContext.channelRead(DefaultChannelPipeline.java:1294)
	at io.netty.channel.AbstractChannelHandlerContext.invokeChannelRead(AbstractChannelHandlerContext.java:366)
	at io.netty.channel.AbstractChannelHandlerContext.invokeChannelRead(AbstractChannelHandlerContext.java:352)
	at io.netty.channel.DefaultChannelPipeline.fireChannelRead(DefaultChannelPipeline.java:911)
	at io.netty.channel.nio.AbstractNioByteChannel$NioByteUnsafe.read(AbstractNioByteChannel.java:131)
	at io.netty.channel.nio.NioEventLoop.processSelectedKey(NioEventLoop.java:611)
	at io.netty.channel.nio.NioEventLoop.processSelectedKeysOptimized(NioEventLoop.java:552)
	at io.netty.channel.nio.NioEventLoop.processSelectedKeys(NioEventLoop.java:466)
	at io.netty.channel.nio.NioEventLoop.run(NioEventLoop.java:438)
	at io.netty.util.concurrent.SingleThreadEventExecutor$2.run(SingleThreadEventExecutor.java:140)
	at io.netty.util.concurrent.DefaultThreadFactory$DefaultRunnableDecorator.run(DefaultThreadFactory.java:144)
	at java.lang.Thread.run(Thread.java:764)
Caused by: org.jdom2.input.JDOMParseException: Error in building: Ill-formed XML document (missing opening tag for android.widget.FrameLayout)
	at org.jdom2.input.sax.SAXBuilderEngine.build(SAXBuilderEngine.java:236)
	at org.jdom2.input.sax.SAXBuilderEngine.build(SAXBuilderEngine.java:253)
	at org.jdom2.input.SAXBuilder.build(SAXBuilder.java:1091)
	at io.appium.uiautomator2.core.AccessibilityNodeInfoDumper.findNodes(AccessibilityNodeInfoDumper.java:213)
	... 33 more
Caused by: org.xml.sax.SAXException: Ill-formed XML document (missing opening tag for android.widget.FrameLayout)
	at org.jdom2.input.sax.SAXHandler.endElement(SAXHandler.java:879)
	at org.apache.harmony.xml.ExpatParser.endElement(ExpatParser.java:156)
	at org.apache.harmony.xml.ExpatParser.appendBytes(Native Method)
	at org.apache.harmony.xml.ExpatParser.parseFragment(ExpatParser.java:513)
	at org.apache.harmony.xml.ExpatParser.parseDocument(ExpatParser.java:474)
	at org.apache.harmony.xml.ExpatReader.parse(ExpatReader.java:316)
	at org.apache.harmony.xml.ExpatReader.parse(ExpatReader.java:279)
	at org.jdom2.input.sax.SAXBuilderEngine.build(SAXBuilderEngine.java:217)
	... 36 more

Build info: version: &amp;apos;3.141.59&amp;apos;, revision: &amp;apos;e82be7d358&amp;apos;, time: &amp;apos;2018-11-14T08:17:03&amp;apos;
System info: host: &amp;apos;WLPT761&amp;apos;, ip: &amp;apos;172.16.40.185&amp;apos;, os.name: &amp;apos;Windows 10&amp;apos;, os.arch: &amp;apos;amd64&amp;apos;, os.version: &amp;apos;10.0&amp;apos;, java.version: &amp;apos;1.8.0_261&amp;apos;
Driver info: io.appium.java_client.android.AndroidDriver
Capabilities {appActivity: com.ooredoo.selfcare.Ooredoo, appPackage: com.ooredoo.selfcare, autoGrantPermissions: true, autoWebView: true, automationName: UiAutomator2, databaseEnabled: false, desired: {appActivity: com.ooredoo.selfcare.Ooredoo, appPackage: com.ooredoo.selfcare, autoGrantPermissions: true, autoWebView: true, automationName: UiAutomator2, deviceName: uiautomatorviewer, maxInstances: 3, name:  OM Sample Test, platformName: android, udid: V4QKLNTK6PBYPJCU}, deviceApiLevel: 27, deviceManufacturer: OPPO, deviceModel: CPH1909, deviceName: V4QKLNTK6PBYPJCU, deviceScreenDensity: 320, deviceScreenSize: 720x1520, deviceUDID: V4QKLNTK6PBYPJCU, javascriptEnabled: true, locationContextEnabled: false, maxInstances: 3, name:  OM Sample Test, networkConnectionEnabled: true, pixelRatio: 2, platform: LINUX, platformName: Android, platformVersion: 8.1.0, statBarHeight: 56, takesScreenshot: true, udid: V4QKLNTK6PBYPJCU, viewportRect: {height: 1368, left: 0, top: 56, width: 720}, warnings: {}, webStorageEnabled: false}
Session ID: 12b1693c-aa4c-484b-908c-2f2c53bf5f01
*** Element info: {Using=xpath, value=//android.widget.TextView[contains(@resource-id,&amp;apos;com.ooredoo.selfcare:id/tv_updatelater&amp;apos;)]}">
      <![CDATA[org.openqa.selenium.WebDriverException: An unknown server-side error occurred while processing the command. Original error: io.appium.uiautomator2.common.exceptions.UiAutomator2Exception: Error in building: Ill-formed XML document (missing opening tag for android.widget.FrameLayout). Try changing the 'normalizeTagNames' driver setting to 'true' in order to workaround the problem.
at io.appium.uiautomator2.core.AccessibilityNodeInfoDumper.findNodes(AccessibilityNodeInfoDumper.java:233)
at io.appium.uiautomator2.utils.ElementLocationHelpers.getXPathNodeMatch(ElementLocationHelpers.java:71)
at io.appium.uiautomator2.handler.FindElements.findElements(FindElements.java:117)
at io.appium.uiautomator2.handler.FindElements.safeHandle(FindElements.java:81)
at io.appium.uiautomator2.handler.request.SafeRequestHandler.handle(SafeRequestHandler.java:37)
at io.appium.uiautomator2.server.AppiumServlet.handleRequest(AppiumServlet.java:252)
at io.appium.uiautomator2.server.AppiumServlet.handleHttpRequest(AppiumServlet.java:243)
at io.appium.uiautomator2.http.ServerHandler.channelRead(ServerHandler.java:44)
at io.netty.channel.AbstractChannelHandlerContext.invokeChannelRead(AbstractChannelHandlerContext.java:366)
at io.netty.channel.AbstractChannelHandlerContext.invokeChannelRead(AbstractChannelHandlerContext.java:352)
at io.netty.channel.AbstractChannelHandlerContext.fireChannelRead(AbstractChannelHandlerContext.java:345)
at io.netty.handler.codec.MessageToMessageDecoder.channelRead(MessageToMessageDecoder.java:102)
at io.netty.channel.AbstractChannelHandlerContext.invokeChannelRead(AbstractChannelHandlerContext.java:366)
at io.netty.channel.AbstractChannelHandlerContext.invokeChannelRead(AbstractChannelHandlerContext.java:352)
at io.netty.channel.AbstractChannelHandlerContext.fireChannelRead(AbstractChannelHandlerContext.java:345)
at io.netty.channel.CombinedChannelDuplexHandler$DelegatingChannelHandlerContext.fireChannelRead(CombinedChannelDuplexHandler.java:435)
at io.netty.handler.codec.ByteToMessageDecoder.fireChannelRead(ByteToMessageDecoder.java:293)
at io.netty.handler.codec.ByteToMessageDecoder.channelRead(ByteToMessageDecoder.java:267)
at io.netty.channel.CombinedChannelDuplexHandler.channelRead(CombinedChannelDuplexHandler.java:250)
at io.netty.channel.AbstractChannelHandlerContext.invokeChannelRead(AbstractChannelHandlerContext.java:366)
at io.netty.channel.AbstractChannelHandlerContext.invokeChannelRead(AbstractChannelHandlerContext.java:352)
at io.netty.channel.AbstractChannelHandlerContext.fireChannelRead(AbstractChannelHandlerContext.java:345)
at io.netty.channel.DefaultChannelPipeline$HeadContext.channelRead(DefaultChannelPipeline.java:1294)
at io.netty.channel.AbstractChannelHandlerContext.invokeChannelRead(AbstractChannelHandlerContext.java:366)
at io.netty.channel.AbstractChannelHandlerContext.invokeChannelRead(AbstractChannelHandlerContext.java:352)
at io.netty.channel.DefaultChannelPipeline.fireChannelRead(DefaultChannelPipeline.java:911)
at io.netty.channel.nio.AbstractNioByteChannel$NioByteUnsafe.read(AbstractNioByteChannel.java:131)
at io.netty.channel.nio.NioEventLoop.processSelectedKey(NioEventLoop.java:611)
at io.netty.channel.nio.NioEventLoop.processSelectedKeysOptimized(NioEventLoop.java:552)
at io.netty.channel.nio.NioEventLoop.processSelectedKeys(NioEventLoop.java:466)
at io.netty.channel.nio.NioEventLoop.run(NioEventLoop.java:438)
at io.netty.util.concurrent.SingleThreadEventExecutor$2.run(SingleThreadEventExecutor.java:140)
at io.netty.util.concurrent.DefaultThreadFactory$DefaultRunnableDecorator.run(DefaultThreadFactory.java:144)
at java.lang.Thread.run(Thread.java:764)
Caused by: org.jdom2.input.JDOMParseException: Error in building: Ill-formed XML document (missing opening tag for android.widget.FrameLayout)
at org.jdom2.input.sax.SAXBuilderEngine.build(SAXBuilderEngine.java:236)
at org.jdom2.input.sax.SAXBuilderEngine.build(SAXBuilderEngine.java:253)
at org.jdom2.input.SAXBuilder.build(SAXBuilder.java:1091)
at io.appium.uiautomator2.core.AccessibilityNodeInfoDumper.findNodes(AccessibilityNodeInfoDumper.java:213)
... 33 more
Caused by: org.xml.sax.SAXException: Ill-formed XML document (missing opening tag for android.widget.FrameLayout)
at org.jdom2.input.sax.SAXHandler.endElement(SAXHandler.java:879)
at org.apache.harmony.xml.ExpatParser.endElement(ExpatParser.java:156)
at org.apache.harmony.xml.ExpatParser.appendBytes(Native Method)
at org.apache.harmony.xml.ExpatParser.parseFragment(ExpatParser.java:513)
at org.apache.harmony.xml.ExpatParser.parseDocument(ExpatParser.java:474)
at org.apache.harmony.xml.ExpatReader.parse(ExpatReader.java:316)
at org.apache.harmony.xml.ExpatReader.parse(ExpatReader.java:279)
at org.jdom2.input.sax.SAXBuilderEngine.build(SAXBuilderEngine.java:217)
... 36 more

Build info: version: '3.141.59', revision: 'e82be7d358', time: '2018-11-14T08:17:03'
System info: host: 'WLPT761', ip: '172.16.40.185', os.name: 'Windows 10', os.arch: 'amd64', os.version: '10.0', java.version: '1.8.0_261'
Driver info: io.appium.java_client.android.AndroidDriver
Capabilities {appActivity: com.ooredoo.selfcare.Ooredoo, appPackage: com.ooredoo.selfcare, autoGrantPermissions: true, autoWebView: true, automationName: UiAutomator2, databaseEnabled: false, desired: {appActivity: com.ooredoo.selfcare.Ooredoo, appPackage: com.ooredoo.selfcare, autoGrantPermissions: true, autoWebView: true, automationName: UiAutomator2, deviceName: uiautomatorviewer, maxInstances: 3, name:  OM Sample Test, platformName: android, udid: V4QKLNTK6PBYPJCU}, deviceApiLevel: 27, deviceManufacturer: OPPO, deviceModel: CPH1909, deviceName: V4QKLNTK6PBYPJCU, deviceScreenDensity: 320, deviceScreenSize: 720x1520, deviceUDID: V4QKLNTK6PBYPJCU, javascriptEnabled: true, locationContextEnabled: false, maxInstances: 3, name:  OM Sample Test, networkConnectionEnabled: true, pixelRatio: 2, platform: LINUX, platformName: Android, platformVersion: 8.1.0, statBarHeight: 56, takesScreenshot: true, udid: V4QKLNTK6PBYPJCU, viewportRect: {height: 1368, left: 0, top: 56, width: 720}, warnings: {}, webStorageEnabled: false}
Session ID: 12b1693c-aa4c-484b-908c-2f2c53bf5f01
*** Element info: {Using=xpath, value=//android.widget.TextView[contains(@resource-id,'com.ooredoo.selfcare:id/tv_updatelater')]}
at org.openqa.selenium.remote.http.W3CHttpResponseCodec.createException(W3CHttpResponseCodec.java:187)
at org.openqa.selenium.remote.http.W3CHttpResponseCodec.decode(W3CHttpResponseCodec.java:122)
at org.openqa.selenium.remote.http.W3CHttpResponseCodec.decode(W3CHttpResponseCodec.java:49)
at org.openqa.selenium.remote.HttpCommandExecutor.execute(HttpCommandExecutor.java:158)
at io.appium.java_client.remote.AppiumCommandExecutor.execute(AppiumCommandExecutor.java:239)
at org.openqa.selenium.remote.RemoteWebDriver.execute(RemoteWebDriver.java:552)
at io.appium.java_client.DefaultGenericMobileDriver.execute(DefaultGenericMobileDriver.java:42)
at io.appium.java_client.AppiumDriver.execute(AppiumDriver.java:1)
at io.appium.java_client.android.AndroidDriver.execute(AndroidDriver.java:1)
at org.openqa.selenium.remote.RemoteWebDriver.findElements(RemoteWebDriver.java:353)
at io.appium.java_client.DefaultGenericMobileDriver.findElements(DefaultGenericMobileDriver.java:54)
at io.appium.java_client.AppiumDriver.findElements(AppiumDriver.java:152)
at org.openqa.selenium.remote.RemoteWebDriver.findElementsByXPath(RemoteWebDriver.java:432)
at io.appium.java_client.DefaultGenericMobileDriver.findElementsByXPath(DefaultGenericMobileDriver.java:156)
at io.appium.java_client.AppiumDriver.findElementsByXPath(AppiumDriver.java:184)
at org.openqa.selenium.By$ByXPath.findElements(By.java:348)
at org.openqa.selenium.remote.RemoteWebDriver.findElements(RemoteWebDriver.java:311)
at io.appium.java_client.DefaultGenericMobileDriver.findElements(DefaultGenericMobileDriver.java:50)
at io.appium.java_client.AppiumDriver.findElements(AppiumDriver.java:148)
at AndroidAppiumAuto.SupportMethods.contextmethod(SupportMethods.java:1786)
at AndroidAppiumAuto.AppActivity.contextpopup(AppActivity.java:111)
at java.util.concurrent.FutureTask.run(Unknown Source)
at java.util.concurrent.ThreadPoolExecutor.runWorker(Unknown Source)
at java.util.concurrent.ThreadPoolExecutor$Worker.run(Unknown Source)
at java.lang.Thread.run(Unknown Source)
... Removed 20 stack frames]]>
    </failure>
  </testcase> <!-- contextpopup -->
  <testcase name="BannerDetails" time="4.382" classname="AndroidAppiumAuto.AppActivity">
    <failure type="AndroidAppiumAuto.exceptions.CustomException" message="The Element homebtton you are trying to click is failed , Please try again !">
      <![CDATA[AndroidAppiumAuto.exceptions.CustomException: The Element homebtton you are trying to click is failed , Please try again !
at AndroidAppiumAuto.CommonMethods.ClickEvents(CommonMethods.java:132)
at AndroidAppiumAuto.SupportMethods.AutoBannerheader(SupportMethods.java:2198)
at AndroidAppiumAuto.AppActivity.BannerDetails(AppActivity.java:118)
at java.util.concurrent.FutureTask.run(Unknown Source)
at java.util.concurrent.ThreadPoolExecutor.runWorker(Unknown Source)
at java.util.concurrent.ThreadPoolExecutor$Worker.run(Unknown Source)
at java.lang.Thread.run(Unknown Source)
... Removed 16 stack frames]]>
    </failure>
  </testcase> <!-- BannerDetails -->
  <testcase name="QuickLinks" time="3.074" classname="AndroidAppiumAuto.AppActivity"/>
  <testcase name="Notifications" time="1.755" classname="AndroidAppiumAuto.AppActivity"/>
  <testcase name="UsageHistory" time="6.439" classname="AndroidAppiumAuto.AppActivity"/>
  <testcase name="UserRegisterStatus" time="1.567" classname="AndroidAppiumAuto.AppActivity">
    <failure type="AndroidAppiumAuto.exceptions.CustomException" message="The Element homebtton you are trying to click is failed , Please try again !">
      <![CDATA[AndroidAppiumAuto.exceptions.CustomException: The Element homebtton you are trying to click is failed , Please try again !
at AndroidAppiumAuto.CommonMethods.ClickEvents(CommonMethods.java:132)
at AndroidAppiumAuto.SupportMethods.registerstatus(SupportMethods.java:2332)
at AndroidAppiumAuto.AppActivity.UserRegisterStatus(AppActivity.java:149)
at java.util.concurrent.FutureTask.run(Unknown Source)
at java.util.concurrent.ThreadPoolExecutor.runWorker(Unknown Source)
at java.util.concurrent.ThreadPoolExecutor$Worker.run(Unknown Source)
at java.lang.Thread.run(Unknown Source)
... Removed 16 stack frames]]>
    </failure>
  </testcase> <!-- UserRegisterStatus -->
  <testcase name="UserRegisterDetails" time="1.872" classname="AndroidAppiumAuto.AppActivity"/>
  <testcase name="QueryBalanceApi" time="2.355" classname="AndroidAppiumAuto.AppActivity"/>
  <testcase name="VIPHomePage" time="9.244" classname="AndroidAppiumAuto.AppActivity">
    <failure type="org.openqa.selenium.WebDriverException" message="An unknown server-side error occurred while processing the command. Original error: Could not proxy command to remote server. Original error: Error: connect ECONNREFUSED 127.0.0.1:8200
Build info: version: &amp;apos;3.141.59&amp;apos;, revision: &amp;apos;e82be7d358&amp;apos;, time: &amp;apos;2018-11-14T08:17:03&amp;apos;
System info: host: &amp;apos;WLPT761&amp;apos;, ip: &amp;apos;172.16.40.185&amp;apos;, os.name: &amp;apos;Windows 10&amp;apos;, os.arch: &amp;apos;amd64&amp;apos;, os.version: &amp;apos;10.0&amp;apos;, java.version: &amp;apos;1.8.0_261&amp;apos;
Driver info: io.appium.java_client.android.AndroidDriver
Capabilities {appActivity: com.ooredoo.selfcare.Ooredoo, appPackage: com.ooredoo.selfcare, autoGrantPermissions: true, autoWebView: true, automationName: UiAutomator2, databaseEnabled: false, desired: {appActivity: com.ooredoo.selfcare.Ooredoo, appPackage: com.ooredoo.selfcare, autoGrantPermissions: true, autoWebView: true, automationName: UiAutomator2, deviceName: uiautomatorviewer, maxInstances: 3, name:  OM Sample Test, platformName: android, udid: V4QKLNTK6PBYPJCU}, deviceApiLevel: 27, deviceManufacturer: OPPO, deviceModel: CPH1909, deviceName: V4QKLNTK6PBYPJCU, deviceScreenDensity: 320, deviceScreenSize: 720x1520, deviceUDID: V4QKLNTK6PBYPJCU, javascriptEnabled: true, locationContextEnabled: false, maxInstances: 3, name:  OM Sample Test, networkConnectionEnabled: true, pixelRatio: 2, platform: LINUX, platformName: Android, platformVersion: 8.1.0, statBarHeight: 56, takesScreenshot: true, udid: V4QKLNTK6PBYPJCU, viewportRect: {height: 1368, left: 0, top: 56, width: 720}, warnings: {}, webStorageEnabled: false}
Session ID: 12b1693c-aa4c-484b-908c-2f2c53bf5f01
*** Element info: {Using=xpath, value=//android.widget.TextView[contains(@resource-id,&amp;apos;com.ooredoo.selfcare:id/tv_balanceloyalty&amp;apos;)]}">
      <![CDATA[org.openqa.selenium.WebDriverException: An unknown server-side error occurred while processing the command. Original error: Could not proxy command to remote server. Original error: Error: connect ECONNREFUSED 127.0.0.1:8200
Build info: version: '3.141.59', revision: 'e82be7d358', time: '2018-11-14T08:17:03'
System info: host: 'WLPT761', ip: '172.16.40.185', os.name: 'Windows 10', os.arch: 'amd64', os.version: '10.0', java.version: '1.8.0_261'
Driver info: io.appium.java_client.android.AndroidDriver
Capabilities {appActivity: com.ooredoo.selfcare.Ooredoo, appPackage: com.ooredoo.selfcare, autoGrantPermissions: true, autoWebView: true, automationName: UiAutomator2, databaseEnabled: false, desired: {appActivity: com.ooredoo.selfcare.Ooredoo, appPackage: com.ooredoo.selfcare, autoGrantPermissions: true, autoWebView: true, automationName: UiAutomator2, deviceName: uiautomatorviewer, maxInstances: 3, name:  OM Sample Test, platformName: android, udid: V4QKLNTK6PBYPJCU}, deviceApiLevel: 27, deviceManufacturer: OPPO, deviceModel: CPH1909, deviceName: V4QKLNTK6PBYPJCU, deviceScreenDensity: 320, deviceScreenSize: 720x1520, deviceUDID: V4QKLNTK6PBYPJCU, javascriptEnabled: true, locationContextEnabled: false, maxInstances: 3, name:  OM Sample Test, networkConnectionEnabled: true, pixelRatio: 2, platform: LINUX, platformName: Android, platformVersion: 8.1.0, statBarHeight: 56, takesScreenshot: true, udid: V4QKLNTK6PBYPJCU, viewportRect: {height: 1368, left: 0, top: 56, width: 720}, warnings: {}, webStorageEnabled: false}
Session ID: 12b1693c-aa4c-484b-908c-2f2c53bf5f01
*** Element info: {Using=xpath, value=//android.widget.TextView[contains(@resource-id,'com.ooredoo.selfcare:id/tv_balanceloyalty')]}
at org.openqa.selenium.remote.http.W3CHttpResponseCodec.createException(W3CHttpResponseCodec.java:187)
at org.openqa.selenium.remote.http.W3CHttpResponseCodec.decode(W3CHttpResponseCodec.java:122)
at org.openqa.selenium.remote.http.W3CHttpResponseCodec.decode(W3CHttpResponseCodec.java:49)
at org.openqa.selenium.remote.HttpCommandExecutor.execute(HttpCommandExecutor.java:158)
at io.appium.java_client.remote.AppiumCommandExecutor.execute(AppiumCommandExecutor.java:239)
at org.openqa.selenium.remote.RemoteWebDriver.execute(RemoteWebDriver.java:552)
at io.appium.java_client.DefaultGenericMobileDriver.execute(DefaultGenericMobileDriver.java:42)
at io.appium.java_client.AppiumDriver.execute(AppiumDriver.java:1)
at io.appium.java_client.android.AndroidDriver.execute(AndroidDriver.java:1)
at org.openqa.selenium.remote.RemoteWebDriver.findElements(RemoteWebDriver.java:353)
at io.appium.java_client.DefaultGenericMobileDriver.findElements(DefaultGenericMobileDriver.java:54)
at io.appium.java_client.AppiumDriver.findElements(AppiumDriver.java:152)
at org.openqa.selenium.remote.RemoteWebDriver.findElementsByXPath(RemoteWebDriver.java:432)
at io.appium.java_client.DefaultGenericMobileDriver.findElementsByXPath(DefaultGenericMobileDriver.java:156)
at io.appium.java_client.AppiumDriver.findElementsByXPath(AppiumDriver.java:184)
at org.openqa.selenium.By$ByXPath.findElements(By.java:348)
at org.openqa.selenium.remote.RemoteWebDriver.findElements(RemoteWebDriver.java:311)
at io.appium.java_client.DefaultGenericMobileDriver.findElements(DefaultGenericMobileDriver.java:50)
at io.appium.java_client.AppiumDriver.findElements(AppiumDriver.java:148)
at AndroidAppiumAuto.CommonMethods.vipnewhomepages(CommonMethods.java:693)
at AndroidAppiumAuto.AppActivity.VIPHomePage(AppActivity.java:235)
at java.util.concurrent.FutureTask.run(Unknown Source)
at java.util.concurrent.ThreadPoolExecutor.runWorker(Unknown Source)
at java.util.concurrent.ThreadPoolExecutor$Worker.run(Unknown Source)
at java.lang.Thread.run(Unknown Source)
... Removed 19 stack frames]]>
    </failure>
  </testcase> <!-- VIPHomePage -->
  <testcase name="DDDPacks" time="0.0" classname="AndroidAppiumAuto.AppActivity">
    <skipped/>
  </testcase> <!-- DDDPacks -->
  <testcase name="PyawPyawYu" time="0.0" classname="AndroidAppiumAuto.AppActivity">
    <skipped/>
  </testcase> <!-- PyawPyawYu -->
  <testcase name="PageloadTest" time="0.0" classname="AndroidAppiumAuto.AppActivity">
    <skipped/>
  </testcase> <!-- PageloadTest -->
  <testcase name="VIP_Validation" time="0.0" classname="AndroidAppiumAuto.AppActivity">
    <ignored/>
  </testcase> <!-- VIP_Validation -->
  <testcase name="Report_An_Issue" time="0.0" classname="AndroidAppiumAuto.AppActivity">
    <ignored/>
  </testcase> <!-- Report_An_Issue -->
  <testcase name="LiveTVDetails" time="0.0" classname="AndroidAppiumAuto.AppActivity">
    <ignored/>
  </testcase> <!-- LiveTVDetails -->
  <testcase name="ByopQueryBalance" time="0.0" classname="AndroidAppiumAuto.AppActivity">
    <ignored/>
  </testcase> <!-- ByopQueryBalance -->
  <testcase name="Ooredoo_Play" time="0.0" classname="AndroidAppiumAuto.AppActivity">
    <ignored/>
  </testcase> <!-- Ooredoo_Play -->
  <testcase name="TopUpVoucher" time="0.0" classname="AndroidAppiumAuto.AppActivity">
    <ignored/>
  </testcase> <!-- TopUpVoucher -->
  <testcase name="More_Settings" time="0.0" classname="AndroidAppiumAuto.AppActivity">
    <ignored/>
  </testcase> <!-- More_Settings -->
  <testcase name="VIPMyBenefits" time="0.0" classname="AndroidAppiumAuto.AppActivity">
    <ignored/>
  </testcase> <!-- VIPMyBenefits -->
  <testcase name="TopUpMPitesan" time="0.0" classname="AndroidAppiumAuto.AppActivity">
    <ignored/>
  </testcase> <!-- TopUpMPitesan -->
  <testcase name="VIPMyPoints" time="0.0" classname="AndroidAppiumAuto.AppActivity">
    <ignored/>
  </testcase> <!-- VIPMyPoints -->
  <testcase name="UpdateLocation" time="0.0" classname="AndroidAppiumAuto.AppActivity">
    <ignored/>
  </testcase> <!-- UpdateLocation -->
  <testcase name="BannerDet" time="0.0" classname="AndroidAppiumAuto.AppActivity">
    <ignored/>
  </testcase> <!-- BannerDet -->
  <testcase name="LogOut" time="0.0" classname="AndroidAppiumAuto.AppActivity">
    <ignored/>
  </testcase> <!-- LogOut -->
  <testcase name="VIPMyDiscounts" time="0.0" classname="AndroidAppiumAuto.AppActivity">
    <ignored/>
  </testcase> <!-- VIPMyDiscounts -->
  <testcase name="VIPProfileUpdate" time="0.0" classname="AndroidAppiumAuto.AppActivity">
    <ignored/>
  </testcase> <!-- VIPProfileUpdate -->
  <testcase name="VipSpinWheel" time="0.0" classname="AndroidAppiumAuto.AppActivity">
    <ignored/>
  </testcase> <!-- VipSpinWheel -->
  <testcase name="VIPHomePageShortCutIcons" time="0.0" classname="AndroidAppiumAuto.AppActivity">
    <ignored/>
  </testcase> <!-- VIPHomePageShortCutIcons -->
  <testcase name="accountview" time="0.0" classname="AndroidAppiumAuto.AppActivity">
    <ignored/>
  </testcase> <!-- accountview -->
  <testcase name="VIPEarnMorePoints" time="0.0" classname="AndroidAppiumAuto.AppActivity">
    <ignored/>
  </testcase> <!-- VIPEarnMorePoints -->
  <testcase name="VIPRedeemPoints" time="0.0" classname="AndroidAppiumAuto.AppActivity">
    <ignored/>
  </testcase> <!-- VIPRedeemPoints -->
</testsuite> <!-- Test2 -->
